2020-08-14T07:24:45+00:00 CRITICAL Uncaught ParseError: syntax error, unexpected ''date'' (T_CONSTANT_ENCAPSED_STRING), expecting ')' in /var/www/html/WordPress-Dixeed/content/themes/storefront-child/functions.php:23
Stack trace:
#0 /var/www/html/WordPress-Dixeed/wp-config.php(206): require_once()
#1 /var/www/html/WordPress-Dixeed/wp/wp-load.php(42): require_once('/var/www/html/W...')
#2 /var/www/html/WordPress-Dixeed/wp/wp-admin/admin-ajax.php(22): require_once('/var/www/html/W...')
#3 {main}

Next Exception: syntax error, unexpected ''date'' (T_CONSTANT_ENCAPSED_STRING), expecting ')' in /var/www/html/WordPress-Dixeed/content/plugins/query-monitor/collectors/php_errors.php:86
Stack trace:
#0 [internal function]: QM_Collector_PHP_Errors->exception_handler(Object(ParseError))
#1 {main}
  thrown dans /var/www/html/WordPress-Dixeed/content/plugins/query-monitor/collectors/php_errors.php à la ligne 86

2020-08-14T07:26:35+00:00 CRITICAL Uncaught Error: Cannot use object of type WP_Error as array in /var/www/html/WordPress-Dixeed/content/themes/storefront-child/functions.php:32
Stack trace:
#0 /var/www/html/WordPress-Dixeed/wp/wp-settings.php(514): include()
#1 /var/www/html/WordPress-Dixeed/wp-config.php(206): require_once('/var/www/html/W...')
#2 /var/www/html/WordPress-Dixeed/wp/wp-load.php(42): require_once('/var/www/html/W...')
#3 /var/www/html/WordPress-Dixeed/wp/wp-admin/admin-ajax.php(22): require_once('/var/www/html/W...')
#4 {main}

Next Exception: Cannot use object of type WP_Error as array in /var/www/html/WordPress-Dixeed/content/plugins/query-monitor/collectors/php_errors.php:86
Stack trace:
#0 [internal function]: QM_Collector_PHP_Errors->exception_handler(Object(Error))
#1 {main}
  thrown dans /var/www/html/WordPress-Dixeed/content/plugins/query-monitor/collectors/php_errors.php à la ligne 86

2020-08-14T07:26:37+00:00 CRITICAL Uncaught Error: Cannot use object of type WP_Error as array in /var/www/html/WordPress-Dixeed/content/themes/storefront-child/functions.php:32
Stack trace:
#0 /var/www/html/WordPress-Dixeed/wp/wp-settings.php(514): include()
#1 /var/www/html/WordPress-Dixeed/wp-config.php(206): require_once('/var/www/html/W...')
#2 /var/www/html/WordPress-Dixeed/wp/wp-load.php(42): require_once('/var/www/html/W...')
#3 /var/www/html/WordPress-Dixeed/wp/wp-admin/admin.php(34): require_once('/var/www/html/W...')
#4 {main}

Next Exception: Cannot use object of type WP_Error as array in /var/www/html/WordPress-Dixeed/content/plugins/query-monitor/collectors/php_errors.php:86
Stack trace:
#0 [internal function]: QM_Collector_PHP_Errors->exception_handler(Object(Error))
#1 {main}
  thrown dans /var/www/html/WordPress-Dixeed/content/plugins/query-monitor/collectors/php_errors.php à la ligne 86

2020-08-14T07:32:37+00:00 CRITICAL Uncaught Error: Cannot use object of type WP_Error as array in /var/www/html/WordPress-Dixeed/content/themes/storefront-child/functions.php:32
Stack trace:
#0 /var/www/html/WordPress-Dixeed/wp/wp-settings.php(514): include()
#1 /var/www/html/WordPress-Dixeed/wp-config.php(206): require_once('/var/www/html/W...')
#2 /var/www/html/WordPress-Dixeed/wp/wp-load.php(42): require_once('/var/www/html/W...')
#3 /var/www/html/WordPress-Dixeed/wp/wp-admin/admin.php(34): require_once('/var/www/html/W...')
#4 {main}

Next Exception: Cannot use object of type WP_Error as array in /var/www/html/WordPress-Dixeed/content/plugins/query-monitor/collectors/php_errors.php:86
Stack trace:
#0 [internal function]: QM_Collector_PHP_Errors->exception_handler(Object(Error))
#1 {main}
  thrown dans /var/www/html/WordPress-Dixeed/content/plugins/query-monitor/collectors/php_errors.php à la ligne 86

2020-08-14T07:32:40+00:00 CRITICAL Uncaught Error: Cannot use object of type WP_Error as array in /var/www/html/WordPress-Dixeed/content/themes/storefront-child/functions.php:32
Stack trace:
#0 /var/www/html/WordPress-Dixeed/wp/wp-settings.php(514): include()
#1 /var/www/html/WordPress-Dixeed/wp-config.php(206): require_once('/var/www/html/W...')
#2 /var/www/html/WordPress-Dixeed/wp/wp-load.php(42): require_once('/var/www/html/W...')
#3 /var/www/html/WordPress-Dixeed/wp/wp-admin/admin.php(34): require_once('/var/www/html/W...')
#4 {main}

Next Exception: Cannot use object of type WP_Error as array in /var/www/html/WordPress-Dixeed/content/plugins/query-monitor/collectors/php_errors.php:86
Stack trace:
#0 [internal function]: QM_Collector_PHP_Errors->exception_handler(Object(Error))
#1 {main}
  thrown dans /var/www/html/WordPress-Dixeed/content/plugins/query-monitor/collectors/php_errors.php à la ligne 86

2020-08-14T07:32:47+00:00 CRITICAL Uncaught Error: Cannot use object of type WP_Error as array in /var/www/html/WordPress-Dixeed/content/themes/storefront-child/functions.php:32
Stack trace:
#0 /var/www/html/WordPress-Dixeed/wp/wp-settings.php(514): include()
#1 /var/www/html/WordPress-Dixeed/wp-config.php(206): require_once('/var/www/html/W...')
#2 /var/www/html/WordPress-Dixeed/wp/wp-load.php(42): require_once('/var/www/html/W...')
#3 /var/www/html/WordPress-Dixeed/wp/wp-admin/admin.php(34): require_once('/var/www/html/W...')
#4 {main}

Next Exception: Cannot use object of type WP_Error as array in /var/www/html/WordPress-Dixeed/content/plugins/query-monitor/collectors/php_errors.php:86
Stack trace:
#0 [internal function]: QM_Collector_PHP_Errors->exception_handler(Object(Error))
#1 {main}
  thrown dans /var/www/html/WordPress-Dixeed/content/plugins/query-monitor/collectors/php_errors.php à la ligne 86

2020-08-14T07:32:56+00:00 CRITICAL Uncaught Error: Cannot use object of type WP_Error as array in /var/www/html/WordPress-Dixeed/content/themes/storefront-child/functions.php:32
Stack trace:
#0 /var/www/html/WordPress-Dixeed/wp/wp-settings.php(514): include()
#1 /var/www/html/WordPress-Dixeed/wp-config.php(206): require_once('/var/www/html/W...')
#2 /var/www/html/WordPress-Dixeed/wp/wp-load.php(42): require_once('/var/www/html/W...')
#3 /var/www/html/WordPress-Dixeed/wp/wp-admin/admin.php(34): require_once('/var/www/html/W...')
#4 /var/www/html/WordPress-Dixeed/wp/wp-admin/index.php(10): require_once('/var/www/html/W...')
#5 {main}

Next Exception: Cannot use object of type WP_Error as array in /var/www/html/WordPress-Dixeed/content/plugins/query-monitor/collectors/php_errors.php:86
Stack trace:
#0 [internal function]: QM_Collector_PHP_Errors->exception_handler(Object(Error))
#1 {main}
  thrown dans /var/www/html/WordPress-Dixeed/content/plugins/query-monitor/collectors/php_errors.php à la ligne 86

2020-08-14T07:34:21+00:00 CRITICAL Uncaught Error: Cannot use object of type WP_Error as array in /var/www/html/WordPress-Dixeed/content/themes/storefront-child/functions.php:32
Stack trace:
#0 /var/www/html/WordPress-Dixeed/wp/wp-settings.php(514): include()
#1 /var/www/html/WordPress-Dixeed/wp-config.php(206): require_once('/var/www/html/W...')
#2 /var/www/html/WordPress-Dixeed/wp/wp-load.php(42): require_once('/var/www/html/W...')
#3 /var/www/html/WordPress-Dixeed/wp/wp-admin/admin.php(34): require_once('/var/www/html/W...')
#4 /var/www/html/WordPress-Dixeed/wp/wp-admin/index.php(10): require_once('/var/www/html/W...')
#5 {main}

Next Exception: Cannot use object of type WP_Error as array in /var/www/html/WordPress-Dixeed/content/plugins/query-monitor/collectors/php_errors.php:86
Stack trace:
#0 [internal function]: QM_Collector_PHP_Errors->exception_handler(Object(Error))
#1 {main}
  thrown dans /var/www/html/WordPress-Dixeed/content/plugins/query-monitor/collectors/php_errors.php à la ligne 86

2020-08-14T07:34:22+00:00 CRITICAL Uncaught Error: Cannot use object of type WP_Error as array in /var/www/html/WordPress-Dixeed/content/themes/storefront-child/functions.php:32
Stack trace:
#0 /var/www/html/WordPress-Dixeed/wp/wp-settings.php(514): include()
#1 /var/www/html/WordPress-Dixeed/wp-config.php(206): require_once('/var/www/html/W...')
#2 /var/www/html/WordPress-Dixeed/wp/wp-load.php(42): require_once('/var/www/html/W...')
#3 /var/www/html/WordPress-Dixeed/wp/wp-admin/admin.php(34): require_once('/var/www/html/W...')
#4 /var/www/html/WordPress-Dixeed/wp/wp-admin/index.php(10): require_once('/var/www/html/W...')
#5 {main}

Next Exception: Cannot use object of type WP_Error as array in /var/www/html/WordPress-Dixeed/content/plugins/query-monitor/collectors/php_errors.php:86
Stack trace:
#0 [internal function]: QM_Collector_PHP_Errors->exception_handler(Object(Error))
#1 {main}
  thrown dans /var/www/html/WordPress-Dixeed/content/plugins/query-monitor/collectors/php_errors.php à la ligne 86

2020-08-14T07:34:23+00:00 CRITICAL Uncaught Error: Cannot use object of type WP_Error as array in /var/www/html/WordPress-Dixeed/content/themes/storefront-child/functions.php:32
Stack trace:
#0 /var/www/html/WordPress-Dixeed/wp/wp-settings.php(514): include()
#1 /var/www/html/WordPress-Dixeed/wp-config.php(206): require_once('/var/www/html/W...')
#2 /var/www/html/WordPress-Dixeed/wp/wp-load.php(42): require_once('/var/www/html/W...')
#3 /var/www/html/WordPress-Dixeed/wp/wp-admin/admin.php(34): require_once('/var/www/html/W...')
#4 /var/www/html/WordPress-Dixeed/wp/wp-admin/index.php(10): require_once('/var/www/html/W...')
#5 {main}

Next Exception: Cannot use object of type WP_Error as array in /var/www/html/WordPress-Dixeed/content/plugins/query-monitor/collectors/php_errors.php:86
Stack trace:
#0 [internal function]: QM_Collector_PHP_Errors->exception_handler(Object(Error))
#1 {main}
  thrown dans /var/www/html/WordPress-Dixeed/content/plugins/query-monitor/collectors/php_errors.php à la ligne 86

2020-08-14T07:34:27+00:00 CRITICAL Uncaught Error: Cannot use object of type WP_Error as array in /var/www/html/WordPress-Dixeed/content/themes/storefront-child/functions.php:32
Stack trace:
#0 /var/www/html/WordPress-Dixeed/wp/wp-settings.php(514): include()
#1 /var/www/html/WordPress-Dixeed/wp-config.php(206): require_once('/var/www/html/W...')
#2 /var/www/html/WordPress-Dixeed/wp/wp-load.php(42): require_once('/var/www/html/W...')
#3 /var/www/html/WordPress-Dixeed/wp/wp-blog-header.php(13): require_once('/var/www/html/W...')
#4 /var/www/html/WordPress-Dixeed/wp/index.php(17): require('/var/www/html/W...')
#5 /var/www/html/WordPress-Dixeed/index.php(4): require('/var/www/html/W...')
#6 {main}

Next Exception: Cannot use object of type WP_Error as array in /var/www/html/WordPress-Dixeed/content/plugins/query-monitor/collectors/php_errors.php:86
Stack trace:
#0 [internal function]: QM_Collector_PHP_Errors->exception_handler(Object(Error))
#1 {main}
  thrown dans /var/www/html/WordPress-Dixeed/content/plugins/query-monitor/collectors/php_errors.php à la ligne 86

2020-08-14T07:48:19+00:00 CRITICAL Uncaught Error: Call to a member function get_cart_subtotal() on null in /var/www/html/WordPress-Dixeed/content/themes/storefront/inc/woocommerce/storefront-woocommerce-template-functions.php:77
Stack trace:
#0 /var/www/html/WordPress-Dixeed/content/themes/storefront/inc/woocommerce/storefront-woocommerce-template-functions.php(120): storefront_cart_link()
#1 /var/www/html/WordPress-Dixeed/wp/wp-includes/class-wp-hook.php(287): storefront_header_cart('')
#2 /var/www/html/WordPress-Dixeed/wp/wp-includes/class-wp-hook.php(311): WP_Hook->apply_filters(NULL, Array)
#3 /var/www/html/WordPress-Dixeed/wp/wp-includes/plugin.php(478): WP_Hook->do_action(Array)
#4 /var/www/html/WordPress-Dixeed/content/themes/storefront/header.php(48): do_action('storefront_head...')
#5 /var/www/html/WordPress-Dixeed/wp/wp-includes/template.php(723): require_once('/var/www/html/W...')
#6 /var/www/html/WordPress-Dixeed/wp/wp-includes/template.php(672): load_template('/var/www/html/W...', true)
#7 /var/www/html/WordPress-Dixeed/wp/wp-inc dans /var/www/html/WordPress-Dixeed/content/plugins/query-monitor/collectors/php_errors.php à la ligne 86

2020-08-14T07:49:09+00:00 CRITICAL Uncaught Error: Call to a member function get_cart_subtotal() on null in /var/www/html/WordPress-Dixeed/content/themes/storefront/inc/woocommerce/storefront-woocommerce-template-functions.php:77
Stack trace:
#0 /var/www/html/WordPress-Dixeed/content/themes/storefront/inc/woocommerce/storefront-woocommerce-template-functions.php(120): storefront_cart_link()
#1 /var/www/html/WordPress-Dixeed/wp/wp-includes/class-wp-hook.php(287): storefront_header_cart('')
#2 /var/www/html/WordPress-Dixeed/wp/wp-includes/class-wp-hook.php(311): WP_Hook->apply_filters(NULL, Array)
#3 /var/www/html/WordPress-Dixeed/wp/wp-includes/plugin.php(478): WP_Hook->do_action(Array)
#4 /var/www/html/WordPress-Dixeed/content/themes/storefront/header.php(48): do_action('storefront_head...')
#5 /var/www/html/WordPress-Dixeed/wp/wp-includes/template.php(723): require_once('/var/www/html/W...')
#6 /var/www/html/WordPress-Dixeed/wp/wp-includes/template.php(672): load_template('/var/www/html/W...', true)
#7 /var/www/html/WordPress-Dixeed/wp/wp-inc dans /var/www/html/WordPress-Dixeed/content/plugins/query-monitor/collectors/php_errors.php à la ligne 86

2020-08-14T07:50:08+00:00 CRITICAL Uncaught Error: Call to a member function get_cart_subtotal() on null in /var/www/html/WordPress-Dixeed/content/themes/storefront/inc/woocommerce/storefront-woocommerce-template-functions.php:77
Stack trace:
#0 /var/www/html/WordPress-Dixeed/content/themes/storefront/inc/woocommerce/storefront-woocommerce-template-functions.php(120): storefront_cart_link()
#1 /var/www/html/WordPress-Dixeed/wp/wp-includes/class-wp-hook.php(287): storefront_header_cart('')
#2 /var/www/html/WordPress-Dixeed/wp/wp-includes/class-wp-hook.php(311): WP_Hook->apply_filters(NULL, Array)
#3 /var/www/html/WordPress-Dixeed/wp/wp-includes/plugin.php(478): WP_Hook->do_action(Array)
#4 /var/www/html/WordPress-Dixeed/content/themes/storefront/header.php(48): do_action('storefront_head...')
#5 /var/www/html/WordPress-Dixeed/wp/wp-includes/template.php(723): require_once('/var/www/html/W...')
#6 /var/www/html/WordPress-Dixeed/wp/wp-includes/template.php(672): load_template('/var/www/html/W...', true)
#7 /var/www/html/WordPress-Dixeed/wp/wp-inc dans /var/www/html/WordPress-Dixeed/content/plugins/query-monitor/collectors/php_errors.php à la ligne 86

2020-08-14T07:51:41+00:00 CRITICAL Uncaught Error: Call to a member function get_cart_subtotal() on null in /var/www/html/WordPress-Dixeed/content/themes/storefront/inc/woocommerce/storefront-woocommerce-template-functions.php:77
Stack trace:
#0 /var/www/html/WordPress-Dixeed/content/themes/storefront/inc/woocommerce/storefront-woocommerce-template-functions.php(120): storefront_cart_link()
#1 /var/www/html/WordPress-Dixeed/wp/wp-includes/class-wp-hook.php(287): storefront_header_cart('')
#2 /var/www/html/WordPress-Dixeed/wp/wp-includes/class-wp-hook.php(311): WP_Hook->apply_filters(NULL, Array)
#3 /var/www/html/WordPress-Dixeed/wp/wp-includes/plugin.php(478): WP_Hook->do_action(Array)
#4 /var/www/html/WordPress-Dixeed/content/themes/storefront/header.php(48): do_action('storefront_head...')
#5 /var/www/html/WordPress-Dixeed/wp/wp-includes/template.php(723): require_once('/var/www/html/W...')
#6 /var/www/html/WordPress-Dixeed/wp/wp-includes/template.php(672): load_template('/var/www/html/W...', true)
#7 /var/www/html/WordPress-Dixeed/wp/wp-inc dans /var/www/html/WordPress-Dixeed/content/plugins/query-monitor/collectors/php_errors.php à la ligne 86

2020-08-14T07:54:22+00:00 CRITICAL Uncaught Error: Call to a member function get_cart_subtotal() on null in /var/www/html/WordPress-Dixeed/content/themes/storefront/inc/woocommerce/storefront-woocommerce-template-functions.php:77
Stack trace:
#0 /var/www/html/WordPress-Dixeed/content/themes/storefront/inc/woocommerce/storefront-woocommerce-template-functions.php(120): storefront_cart_link()
#1 /var/www/html/WordPress-Dixeed/wp/wp-includes/class-wp-hook.php(287): storefront_header_cart('')
#2 /var/www/html/WordPress-Dixeed/wp/wp-includes/class-wp-hook.php(311): WP_Hook->apply_filters(NULL, Array)
#3 /var/www/html/WordPress-Dixeed/wp/wp-includes/plugin.php(478): WP_Hook->do_action(Array)
#4 /var/www/html/WordPress-Dixeed/content/themes/storefront/header.php(48): do_action('storefront_head...')
#5 /var/www/html/WordPress-Dixeed/wp/wp-includes/template.php(723): require_once('/var/www/html/W...')
#6 /var/www/html/WordPress-Dixeed/wp/wp-includes/template.php(672): load_template('/var/www/html/W...', true)
#7 /var/www/html/WordPress-Dixeed/wp/wp-inc dans /var/www/html/WordPress-Dixeed/content/plugins/query-monitor/collectors/php_errors.php à la ligne 86

2020-08-14T09:41:05+00:00 CRITICAL Uncaught Error: Function name must be a string in /var/www/html/WordPress-Dixeed/content/themes/storefront-child/content-new-page.php:40
Stack trace:
#0 /var/www/html/WordPress-Dixeed/wp/wp-includes/template-loader.php(106): include()
#1 /var/www/html/WordPress-Dixeed/wp/wp-blog-header.php(19): require_once('/var/www/html/W...')
#2 /var/www/html/WordPress-Dixeed/wp/index.php(17): require('/var/www/html/W...')
#3 /var/www/html/WordPress-Dixeed/index.php(4): require('/var/www/html/W...')
#4 {main}

Next Exception: Function name must be a string in /var/www/html/WordPress-Dixeed/content/plugins/query-monitor/collectors/php_errors.php:86
Stack trace:
#0 [internal function]: QM_Collector_PHP_Errors->exception_handler(Object(Error))
#1 {main}
  thrown dans /var/www/html/WordPress-Dixeed/content/plugins/query-monitor/collectors/php_errors.php à la ligne 86

2020-08-14T10:45:14+00:00 CRITICAL Cannot redeclare update_user_meta() (previously declared in /var/www/html/WordPress-Dixeed/wp/wp-includes/user.php:848) dans /var/www/html/WordPress-Dixeed/content/themes/storefront-child/functions.php à la ligne 38

2020-08-14T10:45:14+00:00 CRITICAL Cannot redeclare update_user_meta() (previously declared in /var/www/html/WordPress-Dixeed/wp/wp-includes/user.php:848) dans /var/www/html/WordPress-Dixeed/content/themes/storefront-child/functions.php à la ligne 38

2020-08-14T10:45:20+00:00 CRITICAL Cannot redeclare update_user_meta() (previously declared in /var/www/html/WordPress-Dixeed/wp/wp-includes/user.php:848) dans /var/www/html/WordPress-Dixeed/content/themes/storefront-child/functions.php à la ligne 38

2020-08-14T10:45:42+00:00 CRITICAL Cannot redeclare update_user_meta() (previously declared in /var/www/html/WordPress-Dixeed/wp/wp-includes/user.php:848) dans /var/www/html/WordPress-Dixeed/content/themes/storefront-child/functions.php à la ligne 38

2020-08-14T10:46:42+00:00 CRITICAL Cannot redeclare update_user_meta() (previously declared in /var/www/html/WordPress-Dixeed/wp/wp-includes/user.php:848) dans /var/www/html/WordPress-Dixeed/content/themes/storefront-child/functions.php à la ligne 38

2020-08-14T12:18:39+00:00 CRITICAL Uncaught ParseError: syntax error, unexpected ')' in /var/www/html/WordPress-Dixeed/content/themes/storefront-child/functions.php:49
Stack trace:
#0 /var/www/html/WordPress-Dixeed/wp-config.php(206): require_once()
#1 /var/www/html/WordPress-Dixeed/wp/wp-load.php(42): require_once('/var/www/html/W...')
#2 /var/www/html/WordPress-Dixeed/wp/wp-admin/admin-ajax.php(22): require_once('/var/www/html/W...')
#3 {main}

Next Exception: syntax error, unexpected ')' in /var/www/html/WordPress-Dixeed/content/plugins/query-monitor/collectors/php_errors.php:86
Stack trace:
#0 [internal function]: QM_Collector_PHP_Errors->exception_handler(Object(ParseError))
#1 {main}
  thrown dans /var/www/html/WordPress-Dixeed/content/plugins/query-monitor/collectors/php_errors.php à la ligne 86

2020-08-14T12:20:39+00:00 CRITICAL Uncaught ParseError: syntax error, unexpected ')' in /var/www/html/WordPress-Dixeed/content/themes/storefront-child/functions.php:53
Stack trace:
#0 /var/www/html/WordPress-Dixeed/wp-config.php(206): require_once()
#1 /var/www/html/WordPress-Dixeed/wp/wp-load.php(42): require_once('/var/www/html/W...')
#2 /var/www/html/WordPress-Dixeed/wp/wp-admin/admin-ajax.php(22): require_once('/var/www/html/W...')
#3 {main}

Next Exception: syntax error, unexpected ')' in /var/www/html/WordPress-Dixeed/content/plugins/query-monitor/collectors/php_errors.php:86
Stack trace:
#0 [internal function]: QM_Collector_PHP_Errors->exception_handler(Object(ParseError))
#1 {main}
  thrown dans /var/www/html/WordPress-Dixeed/content/plugins/query-monitor/collectors/php_errors.php à la ligne 86

2020-08-14T12:39:46+00:00 CRITICAL Uncaught ParseError: syntax error, unexpected '}', expecting end of file in /var/www/html/WordPress-Dixeed/content/themes/storefront-child/functions.php:73
Stack trace:
#0 /var/www/html/WordPress-Dixeed/wp-config.php(206): require_once()
#1 /var/www/html/WordPress-Dixeed/wp/wp-load.php(42): require_once('/var/www/html/W...')
#2 /var/www/html/WordPress-Dixeed/wp/wp-admin/admin-ajax.php(22): require_once('/var/www/html/W...')
#3 {main}

Next Exception: syntax error, unexpected '}', expecting end of file in /var/www/html/WordPress-Dixeed/content/plugins/query-monitor/collectors/php_errors.php:86
Stack trace:
#0 [internal function]: QM_Collector_PHP_Errors->exception_handler(Object(ParseError))
#1 {main}
  thrown dans /var/www/html/WordPress-Dixeed/content/plugins/query-monitor/collectors/php_errors.php à la ligne 86

2020-08-14T12:51:21+00:00 CRITICAL Uncaught ParseError: syntax error, unexpected ''date'' (T_CONSTANT_ENCAPSED_STRING), expecting ')' in /var/www/html/WordPress-Dixeed/content/themes/storefront-child/functions.php:170
Stack trace:
#0 /var/www/html/WordPress-Dixeed/wp-config.php(206): require_once()
#1 /var/www/html/WordPress-Dixeed/wp/wp-load.php(42): require_once('/var/www/html/W...')
#2 /var/www/html/WordPress-Dixeed/wp/wp-admin/admin-ajax.php(22): require_once('/var/www/html/W...')
#3 {main}

Next Exception: syntax error, unexpected ''date'' (T_CONSTANT_ENCAPSED_STRING), expecting ')' in /var/www/html/WordPress-Dixeed/content/plugins/query-monitor/collectors/php_errors.php:86
Stack trace:
#0 [internal function]: QM_Collector_PHP_Errors->exception_handler(Object(ParseError))
#1 {main}
  thrown dans /var/www/html/WordPress-Dixeed/content/plugins/query-monitor/collectors/php_errors.php à la ligne 86

2020-08-14T13:06:35+00:00 CRITICAL Uncaught ParseError: syntax error, unexpected '"', expecting identifier (T_STRING) or variable (T_VARIABLE) or '{' or '$' in /var/www/html/WordPress-Dixeed/content/themes/storefront-child/functions.php:159
Stack trace:
#0 /var/www/html/WordPress-Dixeed/wp-config.php(206): require_once()
#1 /var/www/html/WordPress-Dixeed/wp/wp-load.php(42): require_once('/var/www/html/W...')
#2 /var/www/html/WordPress-Dixeed/wp/wp-admin/admin-ajax.php(22): require_once('/var/www/html/W...')
#3 {main}

Next Exception: syntax error, unexpected '"', expecting identifier (T_STRING) or variable (T_VARIABLE) or '{' or '$' in /var/www/html/WordPress-Dixeed/content/plugins/query-monitor/collectors/php_errors.php:86
Stack trace:
#0 [internal function]: QM_Collector_PHP_Errors->exception_handler(Object(ParseError))
#1 {main}
  thrown dans /var/www/html/WordPress-Dixeed/content/plugins/query-monitor/collectors/php_errors.php à la ligne 86

2020-08-14T13:10:44+00:00 CRITICAL Uncaught ParseError: syntax error, unexpected ';', expecting ',' or ')' in /var/www/html/WordPress-Dixeed/content/themes/storefront-child/functions.php:159
Stack trace:
#0 /var/www/html/WordPress-Dixeed/wp-config.php(206): require_once()
#1 /var/www/html/WordPress-Dixeed/wp/wp-load.php(42): require_once('/var/www/html/W...')
#2 /var/www/html/WordPress-Dixeed/wp/wp-admin/admin-ajax.php(22): require_once('/var/www/html/W...')
#3 {main}

Next Exception: syntax error, unexpected ';', expecting ',' or ')' in /var/www/html/WordPress-Dixeed/content/plugins/query-monitor/collectors/php_errors.php:86
Stack trace:
#0 [internal function]: QM_Collector_PHP_Errors->exception_handler(Object(ParseError))
#1 {main}
  thrown dans /var/www/html/WordPress-Dixeed/content/plugins/query-monitor/collectors/php_errors.php à la ligne 86

2020-08-14T13:14:02+00:00 CRITICAL Uncaught ParseError: syntax error, unexpected 'WHERE' (T_STRING) in /var/www/html/WordPress-Dixeed/content/themes/storefront-child/functions.php:156
Stack trace:
#0 /var/www/html/WordPress-Dixeed/wp-config.php(206): require_once()
#1 /var/www/html/WordPress-Dixeed/wp/wp-load.php(42): require_once('/var/www/html/W...')
#2 /var/www/html/WordPress-Dixeed/wp/wp-admin/admin-ajax.php(22): require_once('/var/www/html/W...')
#3 {main}

Next Exception: syntax error, unexpected 'WHERE' (T_STRING) in /var/www/html/WordPress-Dixeed/content/plugins/query-monitor/collectors/php_errors.php:86
Stack trace:
#0 [internal function]: QM_Collector_PHP_Errors->exception_handler(Object(ParseError))
#1 {main}
  thrown dans /var/www/html/WordPress-Dixeed/content/plugins/query-monitor/collectors/php_errors.php à la ligne 86

2020-08-14T13:28:43+00:00 CRITICAL Uncaught ParseError: syntax error, unexpected 'public' (T_PUBLIC) in /var/www/html/WordPress-Dixeed/content/themes/storefront-child/functions.php:188
Stack trace:
#0 /var/www/html/WordPress-Dixeed/wp-config.php(206): require_once()
#1 /var/www/html/WordPress-Dixeed/wp/wp-load.php(42): require_once('/var/www/html/W...')
#2 /var/www/html/WordPress-Dixeed/wp/wp-admin/admin-ajax.php(22): require_once('/var/www/html/W...')
#3 {main}

Next Exception: syntax error, unexpected 'public' (T_PUBLIC) in /var/www/html/WordPress-Dixeed/content/plugins/query-monitor/collectors/php_errors.php:86
Stack trace:
#0 [internal function]: QM_Collector_PHP_Errors->exception_handler(Object(ParseError))
#1 {main}
  thrown dans /var/www/html/WordPress-Dixeed/content/plugins/query-monitor/collectors/php_errors.php à la ligne 86

2020-08-14T13:29:36+00:00 CRITICAL Uncaught ParseError: syntax error, unexpected 'public' (T_PUBLIC) in /var/www/html/WordPress-Dixeed/content/themes/storefront-child/functions.php:188
Stack trace:
#0 /var/www/html/WordPress-Dixeed/wp-config.php(206): require_once()
#1 /var/www/html/WordPress-Dixeed/wp/wp-load.php(42): require_once('/var/www/html/W...')
#2 /var/www/html/WordPress-Dixeed/wp/wp-admin/admin.php(34): require_once('/var/www/html/W...')
#3 {main}

Next Exception: syntax error, unexpected 'public' (T_PUBLIC) in /var/www/html/WordPress-Dixeed/content/plugins/query-monitor/collectors/php_errors.php:86
Stack trace:
#0 [internal function]: QM_Collector_PHP_Errors->exception_handler(Object(ParseError))
#1 {main}
  thrown dans /var/www/html/WordPress-Dixeed/content/plugins/query-monitor/collectors/php_errors.php à la ligne 86

2020-08-14T13:45:39+00:00 CRITICAL Uncaught ParseError: syntax error, unexpected ''preference'' (T_CONSTANT_ENCAPSED_STRING), expecting ')' in /var/www/html/WordPress-Dixeed/content/themes/storefront-child/functions.php:184
Stack trace:
#0 /var/www/html/WordPress-Dixeed/wp-config.php(206): require_once()
#1 /var/www/html/WordPress-Dixeed/wp/wp-load.php(42): require_once('/var/www/html/W...')
#2 /var/www/html/WordPress-Dixeed/wp/wp-admin/admin-ajax.php(22): require_once('/var/www/html/W...')
#3 {main}

Next Exception: syntax error, unexpected ''preference'' (T_CONSTANT_ENCAPSED_STRING), expecting ')' in /var/www/html/WordPress-Dixeed/content/plugins/query-monitor/collectors/php_errors.php:86
Stack trace:
#0 [internal function]: QM_Collector_PHP_Errors->exception_handler(Object(ParseError))
#1 {main}
  thrown dans /var/www/html/WordPress-Dixeed/content/plugins/query-monitor/collectors/php_errors.php à la ligne 86

2020-08-14T14:32:31+00:00 CRITICAL Object of class WP_User could not be converted to string dans /var/www/html/WordPress-Dixeed/content/themes/storefront-child/content-new-page.php à la ligne 43

2020-08-14T14:32:35+00:00 CRITICAL Object of class WP_User could not be converted to string dans /var/www/html/WordPress-Dixeed/content/themes/storefront-child/content-new-page.php à la ligne 43

2020-08-14T14:32:39+00:00 CRITICAL Object of class WP_User could not be converted to string dans /var/www/html/WordPress-Dixeed/content/themes/storefront-child/content-new-page.php à la ligne 43

2020-08-14T14:32:52+00:00 CRITICAL Object of class WP_User could not be converted to string dans /var/www/html/WordPress-Dixeed/content/themes/storefront-child/content-new-page.php à la ligne 43

2020-08-14T14:32:54+00:00 CRITICAL Object of class WP_User could not be converted to string dans /var/www/html/WordPress-Dixeed/content/themes/storefront-child/content-new-page.php à la ligne 43

2020-08-14T15:01:33+00:00 CRITICAL Uncaught ParseError: syntax error, unexpected 'var_dump' (T_STRING), expecting function (T_FUNCTION) or const (T_CONST) in /var/www/html/WordPress-Dixeed/content/themes/storefront-child/functions.php:191
Stack trace:
#0 /var/www/html/WordPress-Dixeed/wp-config.php(206): require_once()
#1 /var/www/html/WordPress-Dixeed/wp/wp-load.php(42): require_once('/var/www/html/W...')
#2 /var/www/html/WordPress-Dixeed/wp/wp-admin/admin-ajax.php(22): require_once('/var/www/html/W...')
#3 {main}

Next Exception: syntax error, unexpected 'var_dump' (T_STRING), expecting function (T_FUNCTION) or const (T_CONST) in /var/www/html/WordPress-Dixeed/content/plugins/query-monitor/collectors/php_errors.php:86
Stack trace:
#0 [internal function]: QM_Collector_PHP_Errors->exception_handler(Object(ParseError))
#1 {main}
  thrown dans /var/www/html/WordPress-Dixeed/content/plugins/query-monitor/collectors/php_errors.php à la ligne 86

2020-08-14T15:01:54+00:00 CRITICAL Uncaught ParseError: syntax error, unexpected ';', expecting function (T_FUNCTION) or const (T_CONST) in /var/www/html/WordPress-Dixeed/content/themes/storefront-child/functions.php:190
Stack trace:
#0 /var/www/html/WordPress-Dixeed/wp-config.php(206): require_once()
#1 /var/www/html/WordPress-Dixeed/wp/wp-load.php(42): require_once('/var/www/html/W...')
#2 /var/www/html/WordPress-Dixeed/wp/wp-admin/admin.php(34): require_once('/var/www/html/W...')
#3 {main}

Next Exception: syntax error, unexpected ';', expecting function (T_FUNCTION) or const (T_CONST) in /var/www/html/WordPress-Dixeed/content/plugins/query-monitor/collectors/php_errors.php:86
Stack trace:
#0 [internal function]: QM_Collector_PHP_Errors->exception_handler(Object(ParseError))
#1 {main}
  thrown dans /var/www/html/WordPress-Dixeed/content/plugins/query-monitor/collectors/php_errors.php à la ligne 86

2020-08-14T15:41:09+00:00 CRITICAL Uncaught ParseError: syntax error, unexpected ')', expecting variable (T_VARIABLE) or '{' or '$' in /var/www/html/WordPress-Dixeed/content/themes/storefront-child/functions.php:157
Stack trace:
#0 /var/www/html/WordPress-Dixeed/wp-config.php(206): require_once()
#1 /var/www/html/WordPress-Dixeed/wp/wp-load.php(42): require_once('/var/www/html/W...')
#2 /var/www/html/WordPress-Dixeed/wp/wp-admin/admin-ajax.php(22): require_once('/var/www/html/W...')
#3 {main}

Next Exception: syntax error, unexpected ')', expecting variable (T_VARIABLE) or '{' or '$' in /var/www/html/WordPress-Dixeed/content/plugins/query-monitor/collectors/php_errors.php:86
Stack trace:
#0 [internal function]: QM_Collector_PHP_Errors->exception_handler(Object(ParseError))
#1 {main}
  thrown dans /var/www/html/WordPress-Dixeed/content/plugins/query-monitor/collectors/php_errors.php à la ligne 86

2020-08-14T15:49:45+00:00 CRITICAL Uncaught ParseError: syntax error, unexpected '=', expecting variable (T_VARIABLE) or '{' or '$' in /var/www/html/WordPress-Dixeed/content/themes/storefront-child/functions.php:159
Stack trace:
#0 /var/www/html/WordPress-Dixeed/wp-config.php(206): require_once()
#1 /var/www/html/WordPress-Dixeed/wp/wp-load.php(42): require_once('/var/www/html/W...')
#2 /var/www/html/WordPress-Dixeed/wp/wp-admin/admin-ajax.php(22): require_once('/var/www/html/W...')
#3 {main}

Next Exception: syntax error, unexpected '=', expecting variable (T_VARIABLE) or '{' or '$' in /var/www/html/WordPress-Dixeed/content/plugins/query-monitor/collectors/php_errors.php:86
Stack trace:
#0 [internal function]: QM_Collector_PHP_Errors->exception_handler(Object(ParseError))
#1 {main}
  thrown dans /var/www/html/WordPress-Dixeed/content/plugins/query-monitor/collectors/php_errors.php à la ligne 86

2020-08-14T16:12:05+00:00 CRITICAL Uncaught ParseError: syntax error, unexpected ']', expecting '-' or identifier (T_STRING) or variable (T_VARIABLE) or number (T_NUM_STRING) in /var/www/html/WordPress-Dixeed/content/themes/storefront-child/functions.php:161
Stack trace:
#0 /var/www/html/WordPress-Dixeed/wp-config.php(206): require_once()
#1 /var/www/html/WordPress-Dixeed/wp/wp-load.php(42): require_once('/var/www/html/W...')
#2 /var/www/html/WordPress-Dixeed/wp/wp-admin/admin-ajax.php(22): require_once('/var/www/html/W...')
#3 {main}

Next Exception: syntax error, unexpected ']', expecting '-' or identifier (T_STRING) or variable (T_VARIABLE) or number (T_NUM_STRING) in /var/www/html/WordPress-Dixeed/content/plugins/query-monitor/collectors/php_errors.php:86
Stack trace:
#0 [internal function]: QM_Collector_PHP_Errors->exception_handler(Object(ParseError))
#1 {main}
  thrown dans /var/www/html/WordPress-Dixeed/content/plugins/query-monitor/collectors/php_errors.php à la ligne 86

2020-08-14T16:25:54+00:00 CRITICAL Uncaught Error: Call to undefined method stdClass::meta_value() in /var/www/html/WordPress-Dixeed/content/themes/storefront-child/functions.php:158
Stack trace:
#0 /var/www/html/WordPress-Dixeed/content/themes/storefront-child/functions.php(95): Example_List_Table->table_data()
#1 /var/www/html/WordPress-Dixeed/content/themes/storefront-child/functions.php(66): Example_List_Table->prepare_items()
#2 /var/www/html/WordPress-Dixeed/wp/wp-includes/class-wp-hook.php(287): DLHL_Wp_List_Table->list_table_page('')
#3 /var/www/html/WordPress-Dixeed/wp/wp-includes/class-wp-hook.php(311): WP_Hook->apply_filters('', Array)
#4 /var/www/html/WordPress-Dixeed/wp/wp-includes/plugin.php(478): WP_Hook->do_action(Array)
#5 /var/www/html/WordPress-Dixeed/wp/wp-admin/admin.php(254): do_action('toplevel_page_e...')
#6 {main}

Next Exception: Call to undefined method stdClass::meta_value() in /var/www/html/WordPress-Dixeed/content/plugins/query-monitor/collectors/php_errors.php:86
Stack trace:
#0 [internal function]: QM_Collector_ dans /var/www/html/WordPress-Dixeed/content/plugins/query-monitor/collectors/php_errors.php à la ligne 86

2020-08-14T16:32:35+00:00 CRITICAL Uncaught ParseError: syntax error, unexpected '=>' (T_DOUBLE_ARROW), expecting ',' or ')' in /var/www/html/WordPress-Dixeed/content/themes/storefront-child/functions.php:158
Stack trace:
#0 /var/www/html/WordPress-Dixeed/wp-config.php(206): require_once()
#1 /var/www/html/WordPress-Dixeed/wp/wp-load.php(42): require_once('/var/www/html/W...')
#2 /var/www/html/WordPress-Dixeed/wp/wp-admin/admin-ajax.php(22): require_once('/var/www/html/W...')
#3 {main}

Next Exception: syntax error, unexpected '=>' (T_DOUBLE_ARROW), expecting ',' or ')' in /var/www/html/WordPress-Dixeed/content/plugins/query-monitor/collectors/php_errors.php:86
Stack trace:
#0 [internal function]: QM_Collector_PHP_Errors->exception_handler(Object(ParseError))
#1 {main}
  thrown dans /var/www/html/WordPress-Dixeed/content/plugins/query-monitor/collectors/php_errors.php à la ligne 86

2020-08-14T16:40:08+00:00 CRITICAL Uncaught ParseError: syntax error, unexpected 'public' (T_PUBLIC) in /var/www/html/WordPress-Dixeed/content/themes/storefront-child/functions.php:190
Stack trace:
#0 /var/www/html/WordPress-Dixeed/wp-config.php(206): require_once()
#1 /var/www/html/WordPress-Dixeed/wp/wp-load.php(42): require_once('/var/www/html/W...')
#2 /var/www/html/WordPress-Dixeed/wp/wp-admin/admin-ajax.php(22): require_once('/var/www/html/W...')
#3 {main}

Next Exception: syntax error, unexpected 'public' (T_PUBLIC) in /var/www/html/WordPress-Dixeed/content/plugins/query-monitor/collectors/php_errors.php:86
Stack trace:
#0 [internal function]: QM_Collector_PHP_Errors->exception_handler(Object(ParseError))
#1 {main}
  thrown dans /var/www/html/WordPress-Dixeed/content/plugins/query-monitor/collectors/php_errors.php à la ligne 86

2020-08-14T16:40:22+00:00 CRITICAL Uncaught ParseError: syntax error, unexpected 'public' (T_PUBLIC) in /var/www/html/WordPress-Dixeed/content/themes/storefront-child/functions.php:190
Stack trace:
#0 /var/www/html/WordPress-Dixeed/wp-config.php(206): require_once()
#1 /var/www/html/WordPress-Dixeed/wp/wp-load.php(42): require_once('/var/www/html/W...')
#2 /var/www/html/WordPress-Dixeed/wp/wp-admin/admin.php(34): require_once('/var/www/html/W...')
#3 {main}

Next Exception: syntax error, unexpected 'public' (T_PUBLIC) in /var/www/html/WordPress-Dixeed/content/plugins/query-monitor/collectors/php_errors.php:86
Stack trace:
#0 [internal function]: QM_Collector_PHP_Errors->exception_handler(Object(ParseError))
#1 {main}
  thrown dans /var/www/html/WordPress-Dixeed/content/plugins/query-monitor/collectors/php_errors.php à la ligne 86

2020-08-14T16:49:56+00:00 CRITICAL Uncaught ParseError: syntax error, unexpected '$data' (T_VARIABLE) in /var/www/html/WordPress-Dixeed/content/themes/storefront-child/functions.php:171
Stack trace:
#0 /var/www/html/WordPress-Dixeed/wp-config.php(206): require_once()
#1 /var/www/html/WordPress-Dixeed/wp/wp-load.php(42): require_once('/var/www/html/W...')
#2 /var/www/html/WordPress-Dixeed/wp/wp-admin/admin-ajax.php(22): require_once('/var/www/html/W...')
#3 {main}

Next Exception: syntax error, unexpected '$data' (T_VARIABLE) in /var/www/html/WordPress-Dixeed/content/plugins/query-monitor/collectors/php_errors.php:86
Stack trace:
#0 [internal function]: QM_Collector_PHP_Errors->exception_handler(Object(ParseError))
#1 {main}
  thrown dans /var/www/html/WordPress-Dixeed/content/plugins/query-monitor/collectors/php_errors.php à la ligne 86

2020-08-14T16:53:05+00:00 CRITICAL Uncaught ParseError: syntax error, unexpected '(array)' (array) (T_ARRAY_CAST) in /var/www/html/WordPress-Dixeed/content/themes/storefront-child/functions.php:167
Stack trace:
#0 /var/www/html/WordPress-Dixeed/wp-config.php(206): require_once()
#1 /var/www/html/WordPress-Dixeed/wp/wp-load.php(42): require_once('/var/www/html/W...')
#2 /var/www/html/WordPress-Dixeed/wp/wp-admin/admin-ajax.php(22): require_once('/var/www/html/W...')
#3 {main}

Next Exception: syntax error, unexpected '(array)' (array) (T_ARRAY_CAST) in /var/www/html/WordPress-Dixeed/content/plugins/query-monitor/collectors/php_errors.php:86
Stack trace:
#0 [internal function]: QM_Collector_PHP_Errors->exception_handler(Object(ParseError))
#1 {main}
  thrown dans /var/www/html/WordPress-Dixeed/content/plugins/query-monitor/collectors/php_errors.php à la ligne 86

